<?xml version='1.0' encoding='UTF-8'?>
<testsuite hostname="DESKTOP-4MT6HE5" name="WT_Olyakov.WebToursSimulation" tests="1" errors="0" failures="0" skipped="0" time="1273753.629" timestamp="2025-08-10T19:18:17">
          <properties>
      <property name="java.specification.version" value="21"/><property name="sun.cpu.isalist" value="amd64"/><property name="sun.jnu.encoding" value="Cp1251"/><property name="sun.arch.data.model" value="64"/><property name="java.vendor.url" value="https://java.oracle.com/"/><property name="sun.boot.library.path" value="C:\Program Files\Java\jdk-21\bin"/><property name="sun.java.command" value="xsbt.boot.Boot Gatling/test"/><property name="jdk.debug" value="release"/><property name="java.specification.vendor" value="Oracle Corporation"/><property name="java.version.date" value="2025-07-15"/><property name="java.home" value="C:\Program Files\Java\jdk-21"/><property name="file.separator" value="\"/><property name="java.vm.compressedOopsMode" value="32-bit"/><property name="line.separator" value="
"/><property name="java.vm.specification.vendor" value="Oracle Corporation"/><property name="java.specification.name" value="Java Platform API Specification"/><property name="user.script" value=""/><property name="sun.management.compiler" value="HotSpot 64-Bit Tiered Compilers"/><property name="java.runtime.version" value="21.0.8+12-LTS-250"/><property name="user.name" value="Amoral_Cat"/><property name="log4j.ignoreTCL" value="true"/><property name="file.encoding" value="UTF-8"/><property name="jnidispatch.path" value="C:\Users\AMORAL~1\AppData\Local\Temp\jna-1821772177\jna13928697656086535245.dll"/><property name="jna.loaded" value="true"/><property name="java.io.tmpdir" value="C:\Users\AMORAL~1\AppData\Local\Temp\"/><property name="java.version" value="21.0.8"/><property name="java.vm.specification.name" value="Java Virtual Machine Specification"/><property name="sun.os.patch.level" value=""/><property name="native.encoding" value="Cp1251"/><property name="java.library.path" value="C:\Program Files\Java\jdk-21\bin;C:\Windows\Sun\Java\bin;C:\Windows\system32;C:\Windows;C:\Program Files\Common Files\Oracle\Java\javapath;C:\Windows\system32;C:\Windows;C:\Windows\System32\Wbem;C:\Windows\System32\WindowsPowerShell\v1.0\;C:\Windows\System32\OpenSSH\;C:\Program Files\NVIDIA Corporation\NVIDIA app\NvDLISR;C:\Program Files (x86)\NVIDIA Corporation\PhysX\Common;C:\Program Files\dotnet\;D:\Instal Folder\LoadRunner\bin\Silk\Silk Performer 21.0;D:\Instal Folder\Git\cmd;D:\Instal Folder\C6\;C:\Program Files (x86)\sbt\bin;C:\Users\Amoral_Cat\AppData\Local\Microsoft\WindowsApps;C:\Users\Amoral_Cat\AppData\Local\Muse Hub\lib;C:\Users\Amoral_Cat\AppData\Local\Programs\Microsoft VS Code\bin;."/><property name="stderr.encoding" value="cp866"/><property name="java.vendor" value="Oracle Corporation"/><property name="scala.ext.dirs" value="C:\Users\Amoral_Cat\.sbt\1.0\java9-rt-ext-oracle_corporation_21_0_8"/><property name="sun.io.unicode.encoding" value="UnicodeLittle"/><property name="java.class.path" value="C:\Program Files (x86)\sbt\\bin\sbt-launch.jar"/><property name="java.vm.vendor" value="Oracle Corporation"/><property name="user.variant" value=""/><property name="jline.shutdownhook" value="false"/><property name="user.timezone" value="Europe/Samara"/><property name="java.vm.specification.version" value="21"/><property name="os.name" value="Windows 10"/><property name="sun.java.launcher" value="SUN_STANDARD"/><property name="user.country" value="RU"/><property name="sun.cpu.endian" value="little"/><property name="user.home" value="C:\Users\Amoral_Cat"/><property name="user.language" value="ru"/><property name="sbt.ipcsocket.tmpdir" value="C:\Users\AMORAL~1\AppData\Local\Temp\.sbtee3303ef\ipcsocket"/><property name="swoval.tmpdir" value="C:\Users\AMORAL~1\AppData\Local\Temp\.sbtee3303ef\swoval"/><property name="jline.esc.timeout" value="0"/><property name="stdout.encoding" value="cp866"/><property name="path.separator" value=";"/><property name="os.version" value="10.0"/><property name="jna.nosys" value="true"/><property name="java.runtime.name" value="Java(TM) SE Runtime Environment"/><property name="java.vm.name" value="Java HotSpot(TM) 64-Bit Server VM"/><property name="java.vendor.url.bug" value="https://bugreport.java.com/bugreport/"/><property name="user.dir" value="D:\Git_Rep\WTGatling_Olyakov"/><property name="os.arch" value="amd64"/><property name="java.vm.info" value="mixed mode, sharing"/><property name="java.vm.version" value="21.0.8+12-LTS-250"/><property name="java.class.version" value="65.0"/>
    </properties>
          <testcase classname="WT_Olyakov.WebToursSimulation" name="" time="1273753.629">
                      
                    </testcase>
          <system-out><![CDATA[]]></system-out>
          <system-err><![CDATA[]]></system-err>
        </testsuite>